2024-09-15T15:31:06.646+05:30  INFO 27864 --- [PostApet] [main] c.example.PostApet.PostApetApplication   : Starting PostApetApplication using Java 21.0.4 with PID 27864 (C:\Springboot Projects\PostApet\PostApet\target\classes started by sakun in C:\Springboot Projects\PostApet)
2024-09-15T15:31:06.653+05:30  INFO 27864 --- [PostApet] [main] c.example.PostApet.PostApetApplication   : No active profile set, falling back to 1 default profile: "default"
2024-09-15T15:31:08.687+05:30  INFO 27864 --- [PostApet] [main] .s.d.r.c.RepositoryConfigurationDelegate : Bootstrapping Spring Data JPA repositories in DEFAULT mode.
2024-09-15T15:31:08.897+05:30  INFO 27864 --- [PostApet] [main] .s.d.r.c.RepositoryConfigurationDelegate : Finished Spring Data repository scanning in 183 ms. Found 1 JPA repository interface.
2024-09-15T15:31:10.597+05:30  INFO 27864 --- [PostApet] [main] o.s.b.w.embedded.tomcat.TomcatWebServer  : Tomcat initialized with port 8080 (http)
2024-09-15T15:31:10.640+05:30  INFO 27864 --- [PostApet] [main] o.apache.catalina.core.StandardService   : Starting service [Tomcat]
2024-09-15T15:31:10.641+05:30  INFO 27864 --- [PostApet] [main] o.apache.catalina.core.StandardEngine    : Starting Servlet engine: [Apache Tomcat/10.1.28]
2024-09-15T15:31:10.857+05:30  INFO 27864 --- [PostApet] [main] o.a.c.c.C.[Tomcat].[localhost].[/]       : Initializing Spring embedded WebApplicationContext
2024-09-15T15:31:10.858+05:30  INFO 27864 --- [PostApet] [main] w.s.c.ServletWebServerApplicationContext : Root WebApplicationContext: initialization completed in 4057 ms
2024-09-15T15:31:11.297+05:30  INFO 27864 --- [PostApet] [main] o.hibernate.jpa.internal.util.LogHelper  : HHH000204: Processing PersistenceUnitInfo [name: default]
2024-09-15T15:31:11.513+05:30  INFO 27864 --- [PostApet] [main] org.hibernate.Version                    : HHH000412: Hibernate ORM core version 6.5.2.Final
2024-09-15T15:31:11.583+05:30  INFO 27864 --- [PostApet] [main] o.h.c.internal.RegionFactoryInitiator    : HHH000026: Second-level cache disabled
2024-09-15T15:31:12.163+05:30  INFO 27864 --- [PostApet] [main] o.s.o.j.p.SpringPersistenceUnitInfo      : No LoadTimeWeaver setup: ignoring JPA class transformer
2024-09-15T15:31:12.230+05:30  INFO 27864 --- [PostApet] [main] com.zaxxer.hikari.HikariDataSource       : HikariPool-1 - Starting...
2024-09-15T15:31:13.204+05:30  INFO 27864 --- [PostApet] [main] com.zaxxer.hikari.pool.HikariPool        : HikariPool-1 - Added connection com.mysql.cj.jdbc.ConnectionImpl@3e8b8f0
2024-09-15T15:31:13.210+05:30  INFO 27864 --- [PostApet] [main] com.zaxxer.hikari.HikariDataSource       : HikariPool-1 - Start completed.
2024-09-15T15:31:13.350+05:30  WARN 27864 --- [PostApet] [main] org.hibernate.orm.deprecation            : HHH90000025: MySQLDialect does not need to be specified explicitly using 'hibernate.dialect' (remove the property setting and it will be selected by default)
2024-09-15T15:31:14.704+05:30  INFO 27864 --- [PostApet] [main] o.h.e.t.j.p.i.JtaPlatformInitiator       : HHH000489: No JTA platform available (set 'hibernate.transaction.jta.platform' to enable JTA platform integration)
2024-09-15T15:31:14.781+05:30  INFO 27864 --- [PostApet] [main] j.LocalContainerEntityManagerFactoryBean : Initialized JPA EntityManagerFactory for persistence unit 'default'
2024-09-15T15:31:15.467+05:30  WARN 27864 --- [PostApet] [main] JpaBaseConfiguration$JpaWebConfiguration : spring.jpa.open-in-view is enabled by default. Therefore, database queries may be performed during view rendering. Explicitly configure spring.jpa.open-in-view to disable this warning
2024-09-15T15:31:15.701+05:30 DEBUG 27864 --- [PostApet] [main] s.w.s.m.m.a.RequestMappingHandlerMapping : 3 mappings in 'requestMappingHandlerMapping'
2024-09-15T15:31:15.902+05:30 DEBUG 27864 --- [PostApet] [main] o.s.w.s.handler.SimpleUrlHandlerMapping  : Patterns [/webjars/**, /**] in 'resourceHandlerMapping'
2024-09-15T15:31:15.990+05:30 DEBUG 27864 --- [PostApet] [main] s.w.s.m.m.a.RequestMappingHandlerAdapter : ControllerAdvice beans: 0 @ModelAttribute, 0 @InitBinder, 1 RequestBodyAdvice, 1 ResponseBodyAdvice
2024-09-15T15:31:16.073+05:30 DEBUG 27864 --- [PostApet] [main] .m.m.a.ExceptionHandlerExceptionResolver : ControllerAdvice beans: 0 @ExceptionHandler, 1 ResponseBodyAdvice
2024-09-15T15:31:16.326+05:30  INFO 27864 --- [PostApet] [main] o.s.b.w.embedded.tomcat.TomcatWebServer  : Tomcat started on port 8080 (http) with context path '/'
2024-09-15T15:31:16.347+05:30  INFO 27864 --- [PostApet] [main] c.example.PostApet.PostApetApplication   : Started PostApetApplication in 10.902 seconds (process running for 12.037)
2024-09-15T15:37:24.053+05:30  INFO 27864 --- [PostApet] [SpringApplicationShutdownHook] j.LocalContainerEntityManagerFactoryBean : Closing JPA EntityManagerFactory for persistence unit 'default'
2024-09-15T15:37:24.248+05:30  INFO 27864 --- [PostApet] [SpringApplicationShutdownHook] com.zaxxer.hikari.HikariDataSource       : HikariPool-1 - Shutdown initiated...
2024-09-15T15:37:24.458+05:30  INFO 27864 --- [PostApet] [SpringApplicationShutdownHook] com.zaxxer.hikari.HikariDataSource       : HikariPool-1 - Shutdown completed.
2024-09-15T15:38:01.544+05:30  INFO 22896 --- [PostApet] [main] c.example.PostApet.PostApetApplication   : Starting PostApetApplication using Java 21.0.4 with PID 22896 (C:\Springboot Projects\PostApet\PostApet\target\classes started by sakun in C:\Springboot Projects\PostApet)
2024-09-15T15:38:01.553+05:30  INFO 22896 --- [PostApet] [main] c.example.PostApet.PostApetApplication   : No active profile set, falling back to 1 default profile: "default"
2024-09-15T15:38:03.730+05:30  INFO 22896 --- [PostApet] [main] .s.d.r.c.RepositoryConfigurationDelegate : Bootstrapping Spring Data JPA repositories in DEFAULT mode.
2024-09-15T15:38:03.963+05:30  INFO 22896 --- [PostApet] [main] .s.d.r.c.RepositoryConfigurationDelegate : Finished Spring Data repository scanning in 199 ms. Found 1 JPA repository interface.
2024-09-15T15:38:05.680+05:30  INFO 22896 --- [PostApet] [main] o.s.b.w.embedded.tomcat.TomcatWebServer  : Tomcat initialized with port 8080 (http)
2024-09-15T15:38:05.727+05:30  INFO 22896 --- [PostApet] [main] o.apache.catalina.core.StandardService   : Starting service [Tomcat]
2024-09-15T15:38:05.727+05:30  INFO 22896 --- [PostApet] [main] o.apache.catalina.core.StandardEngine    : Starting Servlet engine: [Apache Tomcat/10.1.28]
2024-09-15T15:38:05.906+05:30  INFO 22896 --- [PostApet] [main] o.a.c.c.C.[Tomcat].[localhost].[/]       : Initializing Spring embedded WebApplicationContext
2024-09-15T15:38:05.907+05:30  INFO 22896 --- [PostApet] [main] w.s.c.ServletWebServerApplicationContext : Root WebApplicationContext: initialization completed in 4196 ms
2024-09-15T15:38:06.374+05:30  INFO 22896 --- [PostApet] [main] o.hibernate.jpa.internal.util.LogHelper  : HHH000204: Processing PersistenceUnitInfo [name: default]
2024-09-15T15:38:06.606+05:30  INFO 22896 --- [PostApet] [main] org.hibernate.Version                    : HHH000412: Hibernate ORM core version 6.5.2.Final
2024-09-15T15:38:06.719+05:30  INFO 22896 --- [PostApet] [main] o.h.c.internal.RegionFactoryInitiator    : HHH000026: Second-level cache disabled
2024-09-15T15:38:07.638+05:30  INFO 22896 --- [PostApet] [main] o.s.o.j.p.SpringPersistenceUnitInfo      : No LoadTimeWeaver setup: ignoring JPA class transformer
2024-09-15T15:38:07.709+05:30  INFO 22896 --- [PostApet] [main] com.zaxxer.hikari.HikariDataSource       : HikariPool-1 - Starting...
2024-09-15T15:38:08.716+05:30  INFO 22896 --- [PostApet] [main] com.zaxxer.hikari.pool.HikariPool        : HikariPool-1 - Added connection com.mysql.cj.jdbc.ConnectionImpl@32e697ac
2024-09-15T15:38:08.721+05:30  INFO 22896 --- [PostApet] [main] com.zaxxer.hikari.HikariDataSource       : HikariPool-1 - Start completed.
2024-09-15T15:38:08.903+05:30  WARN 22896 --- [PostApet] [main] org.hibernate.orm.deprecation            : HHH90000025: MySQLDialect does not need to be specified explicitly using 'hibernate.dialect' (remove the property setting and it will be selected by default)
2024-09-15T15:38:11.256+05:30  INFO 22896 --- [PostApet] [main] o.h.e.t.j.p.i.JtaPlatformInitiator       : HHH000489: No JTA platform available (set 'hibernate.transaction.jta.platform' to enable JTA platform integration)
2024-09-15T15:38:11.444+05:30  INFO 22896 --- [PostApet] [main] j.LocalContainerEntityManagerFactoryBean : Initialized JPA EntityManagerFactory for persistence unit 'default'
2024-09-15T15:38:12.496+05:30  WARN 22896 --- [PostApet] [main] JpaBaseConfiguration$JpaWebConfiguration : spring.jpa.open-in-view is enabled by default. Therefore, database queries may be performed during view rendering. Explicitly configure spring.jpa.open-in-view to disable this warning
2024-09-15T15:38:12.694+05:30 DEBUG 22896 --- [PostApet] [main] s.w.s.m.m.a.RequestMappingHandlerMapping : 3 mappings in 'requestMappingHandlerMapping'
2024-09-15T15:38:12.932+05:30 DEBUG 22896 --- [PostApet] [main] o.s.w.s.handler.SimpleUrlHandlerMapping  : Patterns [/webjars/**, /**] in 'resourceHandlerMapping'
2024-09-15T15:38:13.007+05:30 DEBUG 22896 --- [PostApet] [main] s.w.s.m.m.a.RequestMappingHandlerAdapter : ControllerAdvice beans: 0 @ModelAttribute, 0 @InitBinder, 1 RequestBodyAdvice, 1 ResponseBodyAdvice
2024-09-15T15:38:13.136+05:30 DEBUG 22896 --- [PostApet] [main] .m.m.a.ExceptionHandlerExceptionResolver : ControllerAdvice beans: 0 @ExceptionHandler, 1 ResponseBodyAdvice
2024-09-15T15:38:13.679+05:30  INFO 22896 --- [PostApet] [main] o.s.b.w.embedded.tomcat.TomcatWebServer  : Tomcat started on port 8080 (http) with context path '/'
2024-09-15T15:38:13.726+05:30  INFO 22896 --- [PostApet] [main] c.example.PostApet.PostApetApplication   : Started PostApetApplication in 13.938 seconds (process running for 15.664)
2024-09-15T15:42:26.902+05:30  INFO 22896 --- [PostApet] [http-nio-8080-exec-1] o.a.c.c.C.[Tomcat].[localhost].[/]       : Initializing Spring DispatcherServlet 'dispatcherServlet'
2024-09-15T15:42:26.917+05:30  INFO 22896 --- [PostApet] [http-nio-8080-exec-1] o.s.web.servlet.DispatcherServlet        : Initializing Servlet 'dispatcherServlet'
2024-09-15T15:42:26.943+05:30 DEBUG 22896 --- [PostApet] [http-nio-8080-exec-1] o.s.web.servlet.DispatcherServlet        : Detected StandardServletMultipartResolver
2024-09-15T15:42:26.945+05:30 DEBUG 22896 --- [PostApet] [http-nio-8080-exec-1] o.s.web.servlet.DispatcherServlet        : Detected AcceptHeaderLocaleResolver
2024-09-15T15:42:26.947+05:30 DEBUG 22896 --- [PostApet] [http-nio-8080-exec-1] o.s.web.servlet.DispatcherServlet        : Detected FixedThemeResolver
2024-09-15T15:42:27.127+05:30 DEBUG 22896 --- [PostApet] [http-nio-8080-exec-1] o.s.web.servlet.DispatcherServlet        : Detected org.springframework.web.servlet.view.DefaultRequestToViewNameTranslator@118879d2
2024-09-15T15:42:27.129+05:30 DEBUG 22896 --- [PostApet] [http-nio-8080-exec-1] o.s.web.servlet.DispatcherServlet        : Detected org.springframework.web.servlet.support.SessionFlashMapManager@4440750
2024-09-15T15:42:27.162+05:30 DEBUG 22896 --- [PostApet] [http-nio-8080-exec-1] o.s.web.servlet.DispatcherServlet        : enableLoggingRequestDetails='false': request parameters and headers will be masked to prevent unsafe logging of potentially sensitive data
2024-09-15T15:42:27.170+05:30  INFO 22896 --- [PostApet] [http-nio-8080-exec-1] o.s.web.servlet.DispatcherServlet        : Completed initialization in 243 ms
2024-09-15T15:42:27.371+05:30 DEBUG 22896 --- [PostApet] [http-nio-8080-exec-1] o.s.web.servlet.DispatcherServlet        : OPTIONS "/api/v1/pet/add", parameters={}
2024-09-15T15:42:27.472+05:30 DEBUG 22896 --- [PostApet] [http-nio-8080-exec-1] s.w.s.m.m.a.RequestMappingHandlerMapping : Mapped to com.example.PostApet.Controller.PetController#add(PetModel)
2024-09-15T15:42:27.572+05:30 DEBUG 22896 --- [PostApet] [http-nio-8080-exec-1] o.s.web.servlet.DispatcherServlet        : Completed 200 OK
2024-09-15T15:42:27.623+05:30 DEBUG 22896 --- [PostApet] [http-nio-8080-exec-3] o.s.web.servlet.DispatcherServlet        : POST "/api/v1/pet/add", parameters={}
2024-09-15T15:42:27.624+05:30 DEBUG 22896 --- [PostApet] [http-nio-8080-exec-3] s.w.s.m.m.a.RequestMappingHandlerMapping : Mapped to com.example.PostApet.Controller.PetController#add(PetModel)
2024-09-15T15:42:28.002+05:30 DEBUG 22896 --- [PostApet] [http-nio-8080-exec-3] m.m.a.RequestResponseBodyMethodProcessor : Read "application/json;charset=UTF-8" to [com.example.PostApet.Model.PetModel@77ab6237]
2024-09-15T15:42:28.679+05:30 DEBUG 22896 --- [PostApet] [http-nio-8080-exec-3] m.m.a.RequestResponseBodyMethodProcessor : Using 'text/plain', given [*/*] and supported [text/plain, */*, application/json, application/*+json]
2024-09-15T15:42:28.682+05:30 DEBUG 22896 --- [PostApet] [http-nio-8080-exec-3] m.m.a.RequestResponseBodyMethodProcessor : Writing ["New pet is added"]
2024-09-15T15:42:28.696+05:30 DEBUG 22896 --- [PostApet] [http-nio-8080-exec-3] o.s.web.servlet.DispatcherServlet        : Completed 200 OK
2024-09-15T15:52:08.560+05:30 DEBUG 22896 --- [PostApet] [http-nio-8080-exec-5] o.s.web.servlet.DispatcherServlet        : POST "/api/v1/pet/add", parameters={}
2024-09-15T15:52:08.651+05:30 DEBUG 22896 --- [PostApet] [http-nio-8080-exec-5] s.w.s.m.m.a.RequestMappingHandlerMapping : Mapped to com.example.PostApet.Controller.PetController#add(PetModel)
2024-09-15T15:52:08.897+05:30 DEBUG 22896 --- [PostApet] [http-nio-8080-exec-5] m.m.a.RequestResponseBodyMethodProcessor : Read "application/json;charset=UTF-8" to [com.example.PostApet.Model.PetModel@22509f25]
2024-09-15T15:52:09.623+05:30 DEBUG 22896 --- [PostApet] [http-nio-8080-exec-5] m.m.a.RequestResponseBodyMethodProcessor : Using 'text/plain', given [*/*] and supported [text/plain, */*, application/json, application/*+json]
2024-09-15T15:52:09.624+05:30 DEBUG 22896 --- [PostApet] [http-nio-8080-exec-5] m.m.a.RequestResponseBodyMethodProcessor : Writing ["New pet is added"]
2024-09-15T15:52:09.740+05:30 DEBUG 22896 --- [PostApet] [http-nio-8080-exec-5] o.s.web.servlet.DispatcherServlet        : Completed 200 OK
2024-09-15T16:22:22.166+05:30 DEBUG 22896 --- [PostApet] [http-nio-8080-exec-6] o.s.web.servlet.DispatcherServlet        : OPTIONS "/api/v1/pet/add", parameters={}
2024-09-15T16:22:22.253+05:30 DEBUG 22896 --- [PostApet] [http-nio-8080-exec-6] s.w.s.m.m.a.RequestMappingHandlerMapping : Mapped to com.example.PostApet.Controller.PetController#add(PetModel)
2024-09-15T16:22:22.361+05:30 DEBUG 22896 --- [PostApet] [http-nio-8080-exec-6] o.s.web.servlet.DispatcherServlet        : Completed 200 OK
2024-09-15T16:22:22.402+05:30 DEBUG 22896 --- [PostApet] [http-nio-8080-exec-6] o.s.web.servlet.DispatcherServlet        : POST "/api/v1/pet/add", parameters={}
2024-09-15T16:22:22.403+05:30 DEBUG 22896 --- [PostApet] [http-nio-8080-exec-6] s.w.s.m.m.a.RequestMappingHandlerMapping : Mapped to com.example.PostApet.Controller.PetController#add(PetModel)
2024-09-15T16:22:22.485+05:30 DEBUG 22896 --- [PostApet] [http-nio-8080-exec-6] m.m.a.RequestResponseBodyMethodProcessor : Read "application/json;charset=UTF-8" to [com.example.PostApet.Model.PetModel@5ac83440]
2024-09-15T16:22:22.863+05:30 DEBUG 22896 --- [PostApet] [http-nio-8080-exec-6] m.m.a.RequestResponseBodyMethodProcessor : Using 'text/plain', given [*/*] and supported [text/plain, */*, application/json, application/*+json]
2024-09-15T16:22:22.864+05:30 DEBUG 22896 --- [PostApet] [http-nio-8080-exec-6] m.m.a.RequestResponseBodyMethodProcessor : Writing ["New pet is added"]
2024-09-15T16:22:22.872+05:30 DEBUG 22896 --- [PostApet] [http-nio-8080-exec-6] o.s.web.servlet.DispatcherServlet        : Completed 200 OK
2024-09-15T16:23:27.820+05:30 DEBUG 22896 --- [PostApet] [http-nio-8080-exec-8] o.s.web.servlet.DispatcherServlet        : POST "/api/v1/pet/add", parameters={}
2024-09-15T16:23:27.820+05:30 DEBUG 22896 --- [PostApet] [http-nio-8080-exec-8] s.w.s.m.m.a.RequestMappingHandlerMapping : Mapped to com.example.PostApet.Controller.PetController#add(PetModel)
2024-09-15T16:23:27.826+05:30 DEBUG 22896 --- [PostApet] [http-nio-8080-exec-8] m.m.a.RequestResponseBodyMethodProcessor : Read "application/json;charset=UTF-8" to [com.example.PostApet.Model.PetModel@28e02037]
2024-09-15T16:23:27.901+05:30 DEBUG 22896 --- [PostApet] [http-nio-8080-exec-8] m.m.a.RequestResponseBodyMethodProcessor : Using 'text/plain', given [*/*] and supported [text/plain, */*, application/json, application/*+json]
2024-09-15T16:23:27.901+05:30 DEBUG 22896 --- [PostApet] [http-nio-8080-exec-8] m.m.a.RequestResponseBodyMethodProcessor : Writing ["New pet is added"]
2024-09-15T16:23:27.904+05:30 DEBUG 22896 --- [PostApet] [http-nio-8080-exec-8] o.s.web.servlet.DispatcherServlet        : Completed 200 OK
2024-09-15T17:06:58.262+05:30  INFO 22896 --- [PostApet] [SpringApplicationShutdownHook] j.LocalContainerEntityManagerFactoryBean : Closing JPA EntityManagerFactory for persistence unit 'default'
2024-09-15T17:06:58.395+05:30  INFO 22896 --- [PostApet] [SpringApplicationShutdownHook] com.zaxxer.hikari.HikariDataSource       : HikariPool-1 - Shutdown initiated...
2024-09-15T17:06:58.470+05:30  INFO 22896 --- [PostApet] [SpringApplicationShutdownHook] com.zaxxer.hikari.HikariDataSource       : HikariPool-1 - Shutdown completed.
2024-09-15T17:07:19.556+05:30  INFO 26520 --- [PostApet] [main] c.example.PostApet.PostApetApplication   : Starting PostApetApplication using Java 21.0.4 with PID 26520 (C:\Springboot Projects\PostApet\PostApet\target\classes started by sakun in C:\Springboot Projects\PostApet)
2024-09-15T17:07:19.561+05:30  INFO 26520 --- [PostApet] [main] c.example.PostApet.PostApetApplication   : No active profile set, falling back to 1 default profile: "default"
2024-09-15T17:07:21.533+05:30  INFO 26520 --- [PostApet] [main] .s.d.r.c.RepositoryConfigurationDelegate : Bootstrapping Spring Data JPA repositories in DEFAULT mode.
2024-09-15T17:07:21.717+05:30  INFO 26520 --- [PostApet] [main] .s.d.r.c.RepositoryConfigurationDelegate : Finished Spring Data repository scanning in 156 ms. Found 1 JPA repository interface.
2024-09-15T17:07:23.095+05:30  INFO 26520 --- [PostApet] [main] o.s.b.w.embedded.tomcat.TomcatWebServer  : Tomcat initialized with port 8080 (http)
2024-09-15T17:07:23.129+05:30  INFO 26520 --- [PostApet] [main] o.apache.catalina.core.StandardService   : Starting service [Tomcat]
2024-09-15T17:07:23.129+05:30  INFO 26520 --- [PostApet] [main] o.apache.catalina.core.StandardEngine    : Starting Servlet engine: [Apache Tomcat/10.1.28]
2024-09-15T17:07:23.309+05:30  INFO 26520 --- [PostApet] [main] o.a.c.c.C.[Tomcat].[localhost].[/]       : Initializing Spring embedded WebApplicationContext
2024-09-15T17:07:23.310+05:30  INFO 26520 --- [PostApet] [main] w.s.c.ServletWebServerApplicationContext : Root WebApplicationContext: initialization completed in 3620 ms
2024-09-15T17:07:23.715+05:30  INFO 26520 --- [PostApet] [main] o.hibernate.jpa.internal.util.LogHelper  : HHH000204: Processing PersistenceUnitInfo [name: default]
2024-09-15T17:07:23.873+05:30  INFO 26520 --- [PostApet] [main] org.hibernate.Version                    : HHH000412: Hibernate ORM core version 6.5.2.Final
2024-09-15T17:07:23.955+05:30  INFO 26520 --- [PostApet] [main] o.h.c.internal.RegionFactoryInitiator    : HHH000026: Second-level cache disabled
2024-09-15T17:07:24.612+05:30  INFO 26520 --- [PostApet] [main] o.s.o.j.p.SpringPersistenceUnitInfo      : No LoadTimeWeaver setup: ignoring JPA class transformer
2024-09-15T17:07:24.677+05:30  INFO 26520 --- [PostApet] [main] com.zaxxer.hikari.HikariDataSource       : HikariPool-1 - Starting...
2024-09-15T17:07:25.454+05:30  INFO 26520 --- [PostApet] [main] com.zaxxer.hikari.pool.HikariPool        : HikariPool-1 - Added connection com.mysql.cj.jdbc.ConnectionImpl@5f45bc8e
2024-09-15T17:07:25.459+05:30  INFO 26520 --- [PostApet] [main] com.zaxxer.hikari.HikariDataSource       : HikariPool-1 - Start completed.
2024-09-15T17:07:25.610+05:30  WARN 26520 --- [PostApet] [main] org.hibernate.orm.deprecation            : HHH90000025: MySQLDialect does not need to be specified explicitly using 'hibernate.dialect' (remove the property setting and it will be selected by default)
2024-09-15T17:07:27.168+05:30  INFO 26520 --- [PostApet] [main] o.h.e.t.j.p.i.JtaPlatformInitiator       : HHH000489: No JTA platform available (set 'hibernate.transaction.jta.platform' to enable JTA platform integration)
2024-09-15T17:07:27.467+05:30  INFO 26520 --- [PostApet] [main] j.LocalContainerEntityManagerFactoryBean : Initialized JPA EntityManagerFactory for persistence unit 'default'
2024-09-15T17:07:27.991+05:30  WARN 26520 --- [PostApet] [main] JpaBaseConfiguration$JpaWebConfiguration : spring.jpa.open-in-view is enabled by default. Therefore, database queries may be performed during view rendering. Explicitly configure spring.jpa.open-in-view to disable this warning
2024-09-15T17:07:28.164+05:30 DEBUG 26520 --- [PostApet] [main] s.w.s.m.m.a.RequestMappingHandlerMapping : 3 mappings in 'requestMappingHandlerMapping'
2024-09-15T17:07:28.348+05:30 DEBUG 26520 --- [PostApet] [main] o.s.w.s.handler.SimpleUrlHandlerMapping  : Patterns [/webjars/**, /**] in 'resourceHandlerMapping'
2024-09-15T17:07:28.403+05:30 DEBUG 26520 --- [PostApet] [main] s.w.s.m.m.a.RequestMappingHandlerAdapter : ControllerAdvice beans: 0 @ModelAttribute, 0 @InitBinder, 1 RequestBodyAdvice, 1 ResponseBodyAdvice
2024-09-15T17:07:28.458+05:30 DEBUG 26520 --- [PostApet] [main] .m.m.a.ExceptionHandlerExceptionResolver : ControllerAdvice beans: 0 @ExceptionHandler, 1 ResponseBodyAdvice
2024-09-15T17:07:28.675+05:30  INFO 26520 --- [PostApet] [main] o.s.b.w.embedded.tomcat.TomcatWebServer  : Tomcat started on port 8080 (http) with context path '/'
2024-09-15T17:07:28.689+05:30  INFO 26520 --- [PostApet] [main] c.example.PostApet.PostApetApplication   : Started PostApetApplication in 10.242 seconds (process running for 11.291)
2024-09-15T17:09:05.119+05:30  INFO 26520 --- [PostApet] [http-nio-8080-exec-1] o.a.c.c.C.[Tomcat].[localhost].[/]       : Initializing Spring DispatcherServlet 'dispatcherServlet'
2024-09-15T17:09:05.121+05:30  INFO 26520 --- [PostApet] [http-nio-8080-exec-1] o.s.web.servlet.DispatcherServlet        : Initializing Servlet 'dispatcherServlet'
2024-09-15T17:09:05.121+05:30 DEBUG 26520 --- [PostApet] [http-nio-8080-exec-1] o.s.web.servlet.DispatcherServlet        : Detected StandardServletMultipartResolver
2024-09-15T17:09:05.122+05:30 DEBUG 26520 --- [PostApet] [http-nio-8080-exec-1] o.s.web.servlet.DispatcherServlet        : Detected AcceptHeaderLocaleResolver
2024-09-15T17:09:05.122+05:30 DEBUG 26520 --- [PostApet] [http-nio-8080-exec-1] o.s.web.servlet.DispatcherServlet        : Detected FixedThemeResolver
2024-09-15T17:09:05.125+05:30 DEBUG 26520 --- [PostApet] [http-nio-8080-exec-1] o.s.web.servlet.DispatcherServlet        : Detected org.springframework.web.servlet.view.DefaultRequestToViewNameTranslator@57fae911
2024-09-15T17:09:05.126+05:30 DEBUG 26520 --- [PostApet] [http-nio-8080-exec-1] o.s.web.servlet.DispatcherServlet        : Detected org.springframework.web.servlet.support.SessionFlashMapManager@6166aac5
2024-09-15T17:09:05.127+05:30 DEBUG 26520 --- [PostApet] [http-nio-8080-exec-1] o.s.web.servlet.DispatcherServlet        : enableLoggingRequestDetails='false': request parameters and headers will be masked to prevent unsafe logging of potentially sensitive data
2024-09-15T17:09:05.127+05:30  INFO 26520 --- [PostApet] [http-nio-8080-exec-1] o.s.web.servlet.DispatcherServlet        : Completed initialization in 6 ms
2024-09-15T17:09:05.157+05:30 DEBUG 26520 --- [PostApet] [http-nio-8080-exec-1] o.s.web.servlet.DispatcherServlet        : POST "/api/v1/pet/add", parameters={multipart}
2024-09-15T17:09:05.875+05:30 DEBUG 26520 --- [PostApet] [http-nio-8080-exec-1] s.w.s.m.m.a.RequestMappingHandlerMapping : Mapped to com.example.PostApet.Controller.PetController#addPet(String, String, String, String, String, String, String, String, String, MultipartFile)
2024-09-15T17:09:05.996+05:30 DEBUG 26520 --- [PostApet] [http-nio-8080-exec-1] o.s.w.s.m.m.a.HttpEntityMethodProcessor  : Using 'text/plain', given [*/*] and supported [text/plain, */*, application/json, application/*+json]
2024-09-15T17:09:05.998+05:30 DEBUG 26520 --- [PostApet] [http-nio-8080-exec-1] o.s.w.s.m.m.a.HttpEntityMethodProcessor  : Writing ["New pet is added"]
2024-09-15T17:09:06.016+05:30 DEBUG 26520 --- [PostApet] [http-nio-8080-exec-1] o.s.web.servlet.DispatcherServlet        : Completed 200 OK
2024-09-15T17:11:06.723+05:30 DEBUG 26520 --- [PostApet] [http-nio-8080-exec-2] o.s.web.servlet.DispatcherServlet        : POST "/api/v1/pet/add", parameters={multipart}
2024-09-15T17:11:06.821+05:30 DEBUG 26520 --- [PostApet] [http-nio-8080-exec-2] s.w.s.m.m.a.RequestMappingHandlerMapping : Mapped to com.example.PostApet.Controller.PetController#addPet(String, String, String, String, String, String, String, String, String, MultipartFile)
2024-09-15T17:11:06.884+05:30 DEBUG 26520 --- [PostApet] [http-nio-8080-exec-2] o.s.w.s.m.m.a.HttpEntityMethodProcessor  : Using 'text/plain', given [*/*] and supported [text/plain, */*, application/json, application/*+json]
2024-09-15T17:11:06.886+05:30 DEBUG 26520 --- [PostApet] [http-nio-8080-exec-2] o.s.w.s.m.m.a.HttpEntityMethodProcessor  : Writing ["New pet is added"]
2024-09-15T17:11:06.901+05:30 DEBUG 26520 --- [PostApet] [http-nio-8080-exec-2] o.s.web.servlet.DispatcherServlet        : Completed 200 OK
2024-09-15T17:11:46.213+05:30 DEBUG 26520 --- [PostApet] [http-nio-8080-exec-6] o.s.web.servlet.DispatcherServlet        : POST "/api/v1/pet/add", parameters={multipart}
2024-09-15T17:11:46.250+05:30 DEBUG 26520 --- [PostApet] [http-nio-8080-exec-6] s.w.s.m.m.a.RequestMappingHandlerMapping : Mapped to com.example.PostApet.Controller.PetController#addPet(String, String, String, String, String, String, String, String, String, MultipartFile)
2024-09-15T17:11:46.260+05:30 DEBUG 26520 --- [PostApet] [http-nio-8080-exec-6] o.s.w.s.m.m.a.HttpEntityMethodProcessor  : Using 'text/plain', given [*/*] and supported [text/plain, */*, application/json, application/*+json]
2024-09-15T17:11:46.260+05:30 DEBUG 26520 --- [PostApet] [http-nio-8080-exec-6] o.s.w.s.m.m.a.HttpEntityMethodProcessor  : Writing ["New pet is added"]
2024-09-15T17:11:46.264+05:30 DEBUG 26520 --- [PostApet] [http-nio-8080-exec-6] o.s.web.servlet.DispatcherServlet        : Completed 200 OK
2024-09-15T18:35:16.956+05:30  WARN 26520 --- [PostApet] [HikariPool-1 housekeeper] com.zaxxer.hikari.pool.HikariPool        : HikariPool-1 - Thread starvation or clock leap detected (housekeeper delta=1h22m21s123ms240µs800ns).
2024-09-15T19:17:57.649+05:30 DEBUG 26520 --- [PostApet] [http-nio-8080-exec-8] o.s.web.servlet.DispatcherServlet        : POST "/api/v1/pet/add", parameters={multipart}
2024-09-15T19:17:58.560+05:30 DEBUG 26520 --- [PostApet] [http-nio-8080-exec-8] s.w.s.m.m.a.RequestMappingHandlerMapping : Mapped to com.example.PostApet.Controller.PetController#addPet(String, String, String, String, String, String, String, String, String, MultipartFile)
2024-09-15T19:17:58.696+05:30 DEBUG 26520 --- [PostApet] [http-nio-8080-exec-8] o.s.w.s.m.m.a.HttpEntityMethodProcessor  : Using 'text/plain', given [*/*] and supported [text/plain, */*, application/json, application/*+json]
2024-09-15T19:17:58.700+05:30 DEBUG 26520 --- [PostApet] [http-nio-8080-exec-8] o.s.w.s.m.m.a.HttpEntityMethodProcessor  : Writing ["New pet is added"]
2024-09-15T19:17:58.726+05:30 DEBUG 26520 --- [PostApet] [http-nio-8080-exec-8] o.s.web.servlet.DispatcherServlet        : Completed 200 OK
2024-09-15T19:22:07.255+05:30  INFO 26520 --- [PostApet] [SpringApplicationShutdownHook] j.LocalContainerEntityManagerFactoryBean : Closing JPA EntityManagerFactory for persistence unit 'default'
2024-09-15T19:22:07.351+05:30  INFO 26520 --- [PostApet] [SpringApplicationShutdownHook] com.zaxxer.hikari.HikariDataSource       : HikariPool-1 - Shutdown initiated...
2024-09-15T19:22:07.757+05:30  INFO 26520 --- [PostApet] [SpringApplicationShutdownHook] com.zaxxer.hikari.HikariDataSource       : HikariPool-1 - Shutdown completed.
2024-09-15T21:21:04.822+05:30  INFO 10520 --- [PostApet] [main] c.example.PostApet.PostApetApplication   : Starting PostApetApplication using Java 21.0.4 with PID 10520 (C:\Springboot Projects\PostApet\PostApet\target\classes started by sakun in C:\Springboot Projects\PostApet)
2024-09-15T21:21:04.829+05:30  INFO 10520 --- [PostApet] [main] c.example.PostApet.PostApetApplication   : No active profile set, falling back to 1 default profile: "default"
2024-09-15T21:21:07.252+05:30  INFO 10520 --- [PostApet] [main] .s.d.r.c.RepositoryConfigurationDelegate : Bootstrapping Spring Data JPA repositories in DEFAULT mode.
2024-09-15T21:21:07.460+05:30  INFO 10520 --- [PostApet] [main] .s.d.r.c.RepositoryConfigurationDelegate : Finished Spring Data repository scanning in 175 ms. Found 1 JPA repository interface.
2024-09-15T21:21:09.472+05:30  INFO 10520 --- [PostApet] [main] o.s.b.w.embedded.tomcat.TomcatWebServer  : Tomcat initialized with port 8080 (http)
2024-09-15T21:21:09.512+05:30  INFO 10520 --- [PostApet] [main] o.apache.catalina.core.StandardService   : Starting service [Tomcat]
2024-09-15T21:21:09.513+05:30  INFO 10520 --- [PostApet] [main] o.apache.catalina.core.StandardEngine    : Starting Servlet engine: [Apache Tomcat/10.1.28]
2024-09-15T21:21:09.820+05:30  INFO 10520 --- [PostApet] [main] o.a.c.c.C.[Tomcat].[localhost].[/]       : Initializing Spring embedded WebApplicationContext
2024-09-15T21:21:09.821+05:30  INFO 10520 --- [PostApet] [main] w.s.c.ServletWebServerApplicationContext : Root WebApplicationContext: initialization completed in 4829 ms
2024-09-15T21:21:10.443+05:30  INFO 10520 --- [PostApet] [main] o.hibernate.jpa.internal.util.LogHelper  : HHH000204: Processing PersistenceUnitInfo [name: default]
2024-09-15T21:21:10.686+05:30  INFO 10520 --- [PostApet] [main] org.hibernate.Version                    : HHH000412: Hibernate ORM core version 6.5.2.Final
2024-09-15T21:21:10.768+05:30  INFO 10520 --- [PostApet] [main] o.h.c.internal.RegionFactoryInitiator    : HHH000026: Second-level cache disabled
2024-09-15T21:21:11.569+05:30  INFO 10520 --- [PostApet] [main] o.s.o.j.p.SpringPersistenceUnitInfo      : No LoadTimeWeaver setup: ignoring JPA class transformer
2024-09-15T21:21:11.630+05:30  INFO 10520 --- [PostApet] [main] com.zaxxer.hikari.HikariDataSource       : HikariPool-1 - Starting...
2024-09-15T21:21:12.750+05:30  INFO 10520 --- [PostApet] [main] com.zaxxer.hikari.pool.HikariPool        : HikariPool-1 - Added connection com.mysql.cj.jdbc.ConnectionImpl@7dd91ffc
2024-09-15T21:21:12.757+05:30  INFO 10520 --- [PostApet] [main] com.zaxxer.hikari.HikariDataSource       : HikariPool-1 - Start completed.
2024-09-15T21:21:12.926+05:30  WARN 10520 --- [PostApet] [main] org.hibernate.orm.deprecation            : HHH90000025: MySQLDialect does not need to be specified explicitly using 'hibernate.dialect' (remove the property setting and it will be selected by default)
2024-09-15T21:21:14.728+05:30  INFO 10520 --- [PostApet] [main] o.h.e.t.j.p.i.JtaPlatformInitiator       : HHH000489: No JTA platform available (set 'hibernate.transaction.jta.platform' to enable JTA platform integration)
2024-09-15T21:21:14.907+05:30  INFO 10520 --- [PostApet] [main] j.LocalContainerEntityManagerFactoryBean : Initialized JPA EntityManagerFactory for persistence unit 'default'
2024-09-15T21:21:15.505+05:30  WARN 10520 --- [PostApet] [main] JpaBaseConfiguration$JpaWebConfiguration : spring.jpa.open-in-view is enabled by default. Therefore, database queries may be performed during view rendering. Explicitly configure spring.jpa.open-in-view to disable this warning
2024-09-15T21:21:15.711+05:30 DEBUG 10520 --- [PostApet] [main] s.w.s.m.m.a.RequestMappingHandlerMapping : 3 mappings in 'requestMappingHandlerMapping'
2024-09-15T21:21:15.956+05:30 DEBUG 10520 --- [PostApet] [main] o.s.w.s.handler.SimpleUrlHandlerMapping  : Patterns [/webjars/**, /**] in 'resourceHandlerMapping'
2024-09-15T21:21:16.046+05:30 DEBUG 10520 --- [PostApet] [main] s.w.s.m.m.a.RequestMappingHandlerAdapter : ControllerAdvice beans: 0 @ModelAttribute, 0 @InitBinder, 1 RequestBodyAdvice, 1 ResponseBodyAdvice
2024-09-15T21:21:16.119+05:30 DEBUG 10520 --- [PostApet] [main] .m.m.a.ExceptionHandlerExceptionResolver : ControllerAdvice beans: 0 @ExceptionHandler, 1 ResponseBodyAdvice
2024-09-15T21:21:16.371+05:30  INFO 10520 --- [PostApet] [main] o.s.b.w.embedded.tomcat.TomcatWebServer  : Tomcat started on port 8080 (http) with context path '/'
2024-09-15T21:21:16.395+05:30  INFO 10520 --- [PostApet] [main] c.example.PostApet.PostApetApplication   : Started PostApetApplication in 12.829 seconds (process running for 15.302)
2024-09-15T21:35:01.916+05:30  INFO 10520 --- [PostApet] [http-nio-8080-exec-1] o.a.c.c.C.[Tomcat].[localhost].[/]       : Initializing Spring DispatcherServlet 'dispatcherServlet'
2024-09-15T21:35:01.946+05:30  INFO 10520 --- [PostApet] [http-nio-8080-exec-1] o.s.web.servlet.DispatcherServlet        : Initializing Servlet 'dispatcherServlet'
2024-09-15T21:35:01.962+05:30 DEBUG 10520 --- [PostApet] [http-nio-8080-exec-1] o.s.web.servlet.DispatcherServlet        : Detected StandardServletMultipartResolver
2024-09-15T21:35:01.964+05:30 DEBUG 10520 --- [PostApet] [http-nio-8080-exec-1] o.s.web.servlet.DispatcherServlet        : Detected AcceptHeaderLocaleResolver
2024-09-15T21:35:01.964+05:30 DEBUG 10520 --- [PostApet] [http-nio-8080-exec-1] o.s.web.servlet.DispatcherServlet        : Detected FixedThemeResolver
2024-09-15T21:35:02.107+05:30 DEBUG 10520 --- [PostApet] [http-nio-8080-exec-1] o.s.web.servlet.DispatcherServlet        : Detected org.springframework.web.servlet.view.DefaultRequestToViewNameTranslator@1f847d9e
2024-09-15T21:35:02.110+05:30 DEBUG 10520 --- [PostApet] [http-nio-8080-exec-1] o.s.web.servlet.DispatcherServlet        : Detected org.springframework.web.servlet.support.SessionFlashMapManager@7fdf7359
2024-09-15T21:35:02.115+05:30 DEBUG 10520 --- [PostApet] [http-nio-8080-exec-1] o.s.web.servlet.DispatcherServlet        : enableLoggingRequestDetails='false': request parameters and headers will be masked to prevent unsafe logging of potentially sensitive data
2024-09-15T21:35:02.116+05:30  INFO 10520 --- [PostApet] [http-nio-8080-exec-1] o.s.web.servlet.DispatcherServlet        : Completed initialization in 170 ms
2024-09-15T21:35:02.222+05:30 DEBUG 10520 --- [PostApet] [http-nio-8080-exec-1] o.s.web.servlet.DispatcherServlet        : POST "/api/v1/pet/add", parameters={multipart}
2024-09-15T21:35:02.946+05:30 DEBUG 10520 --- [PostApet] [http-nio-8080-exec-1] s.w.s.m.m.a.RequestMappingHandlerMapping : Mapped to com.example.PostApet.Controller.PetController#add(PetModel, MultipartFile)
2024-09-15T21:35:03.329+05:30 DEBUG 10520 --- [PostApet] [http-nio-8080-exec-1] o.s.web.servlet.DispatcherServlet        : Failed to complete request: java.nio.file.NoSuchFileException: C:\Springboot Projects\PostApet\src\main\webapp\images\image-01.png
2024-09-15T21:35:03.341+05:30 ERROR 10520 --- [PostApet] [http-nio-8080-exec-1] o.a.c.c.C.[.[.[/].[dispatcherServlet]    : Servlet.service() for servlet [dispatcherServlet] in context with path [] threw exception

java.nio.file.NoSuchFileException: C:\Springboot Projects\PostApet\src\main\webapp\images\image-01.png
	at java.base/sun.nio.fs.WindowsException.translateToIOException(WindowsException.java:85) ~[na:na]
	at java.base/sun.nio.fs.WindowsException.rethrowAsIOException(WindowsException.java:103) ~[na:na]
	at java.base/sun.nio.fs.WindowsException.rethrowAsIOException(WindowsException.java:108) ~[na:na]
	at java.base/sun.nio.fs.WindowsFileSystemProvider.newByteChannel(WindowsFileSystemProvider.java:234) ~[na:na]
	at java.base/java.nio.file.spi.FileSystemProvider.newOutputStream(FileSystemProvider.java:482) ~[na:na]
	at java.base/java.nio.file.Files.newOutputStream(Files.java:227) ~[na:na]
	at java.base/java.nio.file.Files.write(Files.java:3492) ~[na:na]
	at com.example.PostApet.Controller.PetController.add(PetController.java:29) ~[classes/:na]
	at java.base/jdk.internal.reflect.DirectMethodHandleAccessor.invoke(DirectMethodHandleAccessor.java:103) ~[na:na]
	at java.base/java.lang.reflect.Method.invoke(Method.java:580) ~[na:na]
	at org.springframework.web.method.support.InvocableHandlerMethod.doInvoke(InvocableHandlerMethod.java:255) ~[spring-web-6.1.12.jar:6.1.12]
	at org.springframework.web.method.support.InvocableHandlerMethod.invokeForRequest(InvocableHandlerMethod.java:188) ~[spring-web-6.1.12.jar:6.1.12]
	at org.springframework.web.servlet.mvc.method.annotation.ServletInvocableHandlerMethod.invokeAndHandle(ServletInvocableHandlerMethod.java:118) ~[spring-webmvc-6.1.12.jar:6.1.12]
	at org.springframework.web.servlet.mvc.method.annotation.RequestMappingHandlerAdapter.invokeHandlerMethod(RequestMappingHandlerAdapter.java:926) ~[spring-webmvc-6.1.12.jar:6.1.12]
	at org.springframework.web.servlet.mvc.method.annotation.RequestMappingHandlerAdapter.handleInternal(RequestMappingHandlerAdapter.java:831) ~[spring-webmvc-6.1.12.jar:6.1.12]
	at org.springframework.web.servlet.mvc.method.AbstractHandlerMethodAdapter.handle(AbstractHandlerMethodAdapter.java:87) ~[spring-webmvc-6.1.12.jar:6.1.12]
	at org.springframework.web.servlet.DispatcherServlet.doDispatch(DispatcherServlet.java:1089) ~[spring-webmvc-6.1.12.jar:6.1.12]
	at org.springframework.web.servlet.DispatcherServlet.doService(DispatcherServlet.java:979) ~[spring-webmvc-6.1.12.jar:6.1.12]
	at org.springframework.web.servlet.FrameworkServlet.processRequest(FrameworkServlet.java:1014) ~[spring-webmvc-6.1.12.jar:6.1.12]
	at org.springframework.web.servlet.FrameworkServlet.doPost(FrameworkServlet.java:914) ~[spring-webmvc-6.1.12.jar:6.1.12]
	at jakarta.servlet.http.HttpServlet.service(HttpServlet.java:590) ~[tomcat-embed-core-10.1.28.jar:6.0]
	at org.springframework.web.servlet.FrameworkServlet.service(FrameworkServlet.java:885) ~[spring-webmvc-6.1.12.jar:6.1.12]
	at jakarta.servlet.http.HttpServlet.service(HttpServlet.java:658) ~[tomcat-embed-core-10.1.28.jar:6.0]
	at org.apache.catalina.core.ApplicationFilterChain.internalDoFilter(ApplicationFilterChain.java:195) ~[tomcat-embed-core-10.1.28.jar:10.1.28]
	at org.apache.catalina.core.ApplicationFilterChain.doFilter(ApplicationFilterChain.java:140) ~[tomcat-embed-core-10.1.28.jar:10.1.28]
	at org.apache.tomcat.websocket.server.WsFilter.doFilter(WsFilter.java:51) ~[tomcat-embed-websocket-10.1.28.jar:10.1.28]
	at org.apache.catalina.core.ApplicationFilterChain.internalDoFilter(ApplicationFilterChain.java:164) ~[tomcat-embed-core-10.1.28.jar:10.1.28]
	at org.apache.catalina.core.ApplicationFilterChain.doFilter(ApplicationFilterChain.java:140) ~[tomcat-embed-core-10.1.28.jar:10.1.28]
	at org.springframework.web.filter.RequestContextFilter.doFilterInternal(RequestContextFilter.java:100) ~[spring-web-6.1.12.jar:6.1.12]
	at org.springframework.web.filter.OncePerRequestFilter.doFilter(OncePerRequestFilter.java:116) ~[spring-web-6.1.12.jar:6.1.12]
	at org.apache.catalina.core.ApplicationFilterChain.internalDoFilter(ApplicationFilterChain.java:164) ~[tomcat-embed-core-10.1.28.jar:10.1.28]
	at org.apache.catalina.core.ApplicationFilterChain.doFilter(ApplicationFilterChain.java:140) ~[tomcat-embed-core-10.1.28.jar:10.1.28]
	at org.springframework.web.filter.FormContentFilter.doFilterInternal(FormContentFilter.java:93) ~[spring-web-6.1.12.jar:6.1.12]
	at org.springframework.web.filter.OncePerRequestFilter.doFilter(OncePerRequestFilter.java:116) ~[spring-web-6.1.12.jar:6.1.12]
	at org.apache.catalina.core.ApplicationFilterChain.internalDoFilter(ApplicationFilterChain.java:164) ~[tomcat-embed-core-10.1.28.jar:10.1.28]
	at org.apache.catalina.core.ApplicationFilterChain.doFilter(ApplicationFilterChain.java:140) ~[tomcat-embed-core-10.1.28.jar:10.1.28]
	at org.springframework.web.filter.CharacterEncodingFilter.doFilterInternal(CharacterEncodingFilter.java:201) ~[spring-web-6.1.12.jar:6.1.12]
	at org.springframework.web.filter.OncePerRequestFilter.doFilter(OncePerRequestFilter.java:116) ~[spring-web-6.1.12.jar:6.1.12]
	at org.apache.catalina.core.ApplicationFilterChain.internalDoFilter(ApplicationFilterChain.java:164) ~[tomcat-embed-core-10.1.28.jar:10.1.28]
	at org.apache.catalina.core.ApplicationFilterChain.doFilter(ApplicationFilterChain.java:140) ~[tomcat-embed-core-10.1.28.jar:10.1.28]
	at org.apache.catalina.core.StandardWrapperValve.invoke(StandardWrapperValve.java:167) ~[tomcat-embed-core-10.1.28.jar:10.1.28]
	at org.apache.catalina.core.StandardContextValve.invoke(StandardContextValve.java:90) ~[tomcat-embed-core-10.1.28.jar:10.1.28]
	at org.apache.catalina.authenticator.AuthenticatorBase.invoke(AuthenticatorBase.java:483) ~[tomcat-embed-core-10.1.28.jar:10.1.28]
	at org.apache.catalina.core.StandardHostValve.invoke(StandardHostValve.java:115) ~[tomcat-embed-core-10.1.28.jar:10.1.28]
	at org.apache.catalina.valves.ErrorReportValve.invoke(ErrorReportValve.java:93) ~[tomcat-embed-core-10.1.28.jar:10.1.28]
	at org.apache.catalina.core.StandardEngineValve.invoke(StandardEngineValve.java:74) ~[tomcat-embed-core-10.1.28.jar:10.1.28]
	at org.apache.catalina.connector.CoyoteAdapter.service(CoyoteAdapter.java:344) ~[tomcat-embed-core-10.1.28.jar:10.1.28]
	at org.apache.coyote.http11.Http11Processor.service(Http11Processor.java:384) ~[tomcat-embed-core-10.1.28.jar:10.1.28]
	at org.apache.coyote.AbstractProcessorLight.process(AbstractProcessorLight.java:63) ~[tomcat-embed-core-10.1.28.jar:10.1.28]
	at org.apache.coyote.AbstractProtocol$ConnectionHandler.process(AbstractProtocol.java:904) ~[tomcat-embed-core-10.1.28.jar:10.1.28]
	at org.apache.tomcat.util.net.NioEndpoint$SocketProcessor.doRun(NioEndpoint.java:1741) ~[tomcat-embed-core-10.1.28.jar:10.1.28]
	at org.apache.tomcat.util.net.SocketProcessorBase.run(SocketProcessorBase.java:52) ~[tomcat-embed-core-10.1.28.jar:10.1.28]
	at org.apache.tomcat.util.threads.ThreadPoolExecutor.runWorker(ThreadPoolExecutor.java:1190) ~[tomcat-embed-core-10.1.28.jar:10.1.28]
	at org.apache.tomcat.util.threads.ThreadPoolExecutor$Worker.run(ThreadPoolExecutor.java:659) ~[tomcat-embed-core-10.1.28.jar:10.1.28]
	at org.apache.tomcat.util.threads.TaskThread$WrappingRunnable.run(TaskThread.java:63) ~[tomcat-embed-core-10.1.28.jar:10.1.28]
	at java.base/java.lang.Thread.run(Thread.java:1583) ~[na:na]

2024-09-15T21:35:03.414+05:30 DEBUG 10520 --- [PostApet] [http-nio-8080-exec-1] o.s.web.servlet.DispatcherServlet        : "ERROR" dispatch for POST "/error", parameters={multipart}
2024-09-15T21:35:03.422+05:30 DEBUG 10520 --- [PostApet] [http-nio-8080-exec-1] s.w.s.m.m.a.RequestMappingHandlerMapping : Mapped to org.springframework.boot.autoconfigure.web.servlet.error.BasicErrorController#error(HttpServletRequest)
2024-09-15T21:35:03.640+05:30 DEBUG 10520 --- [PostApet] [http-nio-8080-exec-1] o.s.w.s.m.m.a.HttpEntityMethodProcessor  : Using 'application/json', given [*/*] and supported [application/json, application/*+json]
2024-09-15T21:35:03.649+05:30 DEBUG 10520 --- [PostApet] [http-nio-8080-exec-1] o.s.w.s.m.m.a.HttpEntityMethodProcessor  : Writing [{timestamp=Sun Sep 15 21:35:03 IST 2024, status=500, error=Internal Server Error, path=/api/v1/pet/a (truncated)...]
2024-09-15T21:35:03.833+05:30 DEBUG 10520 --- [PostApet] [http-nio-8080-exec-1] o.s.web.servlet.DispatcherServlet        : Exiting from "ERROR" dispatch, status 500
2024-09-15T21:36:17.845+05:30 DEBUG 10520 --- [PostApet] [http-nio-8080-exec-4] o.s.web.servlet.DispatcherServlet        : POST "/api/v1/pet/add", parameters={multipart}
2024-09-15T21:36:17.992+05:30 DEBUG 10520 --- [PostApet] [http-nio-8080-exec-4] s.w.s.m.m.a.RequestMappingHandlerMapping : Mapped to com.example.PostApet.Controller.PetController#add(PetModel, MultipartFile)
2024-09-15T21:36:18.115+05:30 DEBUG 10520 --- [PostApet] [http-nio-8080-exec-4] o.s.web.servlet.DispatcherServlet        : Failed to complete request: java.nio.file.NoSuchFileException: C:\Springboot Projects\PostApet\src\main\webapp\images\image-01.png
2024-09-15T21:36:18.127+05:30 ERROR 10520 --- [PostApet] [http-nio-8080-exec-4] o.a.c.c.C.[.[.[/].[dispatcherServlet]    : Servlet.service() for servlet [dispatcherServlet] in context with path [] threw exception

java.nio.file.NoSuchFileException: C:\Springboot Projects\PostApet\src\main\webapp\images\image-01.png
	at java.base/sun.nio.fs.WindowsException.translateToIOException(WindowsException.java:85) ~[na:na]
	at java.base/sun.nio.fs.WindowsException.rethrowAsIOException(WindowsException.java:103) ~[na:na]
	at java.base/sun.nio.fs.WindowsException.rethrowAsIOException(WindowsException.java:108) ~[na:na]
	at java.base/sun.nio.fs.WindowsFileSystemProvider.newByteChannel(WindowsFileSystemProvider.java:234) ~[na:na]
	at java.base/java.nio.file.spi.FileSystemProvider.newOutputStream(FileSystemProvider.java:482) ~[na:na]
	at java.base/java.nio.file.Files.newOutputStream(Files.java:227) ~[na:na]
	at java.base/java.nio.file.Files.write(Files.java:3492) ~[na:na]
	at com.example.PostApet.Controller.PetController.add(PetController.java:29) ~[classes/:na]
	at java.base/jdk.internal.reflect.DirectMethodHandleAccessor.invoke(DirectMethodHandleAccessor.java:103) ~[na:na]
	at java.base/java.lang.reflect.Method.invoke(Method.java:580) ~[na:na]
	at org.springframework.web.method.support.InvocableHandlerMethod.doInvoke(InvocableHandlerMethod.java:255) ~[spring-web-6.1.12.jar:6.1.12]
	at org.springframework.web.method.support.InvocableHandlerMethod.invokeForRequest(InvocableHandlerMethod.java:188) ~[spring-web-6.1.12.jar:6.1.12]
	at org.springframework.web.servlet.mvc.method.annotation.ServletInvocableHandlerMethod.invokeAndHandle(ServletInvocableHandlerMethod.java:118) ~[spring-webmvc-6.1.12.jar:6.1.12]
	at org.springframework.web.servlet.mvc.method.annotation.RequestMappingHandlerAdapter.invokeHandlerMethod(RequestMappingHandlerAdapter.java:926) ~[spring-webmvc-6.1.12.jar:6.1.12]
	at org.springframework.web.servlet.mvc.method.annotation.RequestMappingHandlerAdapter.handleInternal(RequestMappingHandlerAdapter.java:831) ~[spring-webmvc-6.1.12.jar:6.1.12]
	at org.springframework.web.servlet.mvc.method.AbstractHandlerMethodAdapter.handle(AbstractHandlerMethodAdapter.java:87) ~[spring-webmvc-6.1.12.jar:6.1.12]
	at org.springframework.web.servlet.DispatcherServlet.doDispatch(DispatcherServlet.java:1089) ~[spring-webmvc-6.1.12.jar:6.1.12]
	at org.springframework.web.servlet.DispatcherServlet.doService(DispatcherServlet.java:979) ~[spring-webmvc-6.1.12.jar:6.1.12]
	at org.springframework.web.servlet.FrameworkServlet.processRequest(FrameworkServlet.java:1014) ~[spring-webmvc-6.1.12.jar:6.1.12]
	at org.springframework.web.servlet.FrameworkServlet.doPost(FrameworkServlet.java:914) ~[spring-webmvc-6.1.12.jar:6.1.12]
	at jakarta.servlet.http.HttpServlet.service(HttpServlet.java:590) ~[tomcat-embed-core-10.1.28.jar:6.0]
	at org.springframework.web.servlet.FrameworkServlet.service(FrameworkServlet.java:885) ~[spring-webmvc-6.1.12.jar:6.1.12]
	at jakarta.servlet.http.HttpServlet.service(HttpServlet.java:658) ~[tomcat-embed-core-10.1.28.jar:6.0]
	at org.apache.catalina.core.ApplicationFilterChain.internalDoFilter(ApplicationFilterChain.java:195) ~[tomcat-embed-core-10.1.28.jar:10.1.28]
	at org.apache.catalina.core.ApplicationFilterChain.doFilter(ApplicationFilterChain.java:140) ~[tomcat-embed-core-10.1.28.jar:10.1.28]
	at org.apache.tomcat.websocket.server.WsFilter.doFilter(WsFilter.java:51) ~[tomcat-embed-websocket-10.1.28.jar:10.1.28]
	at org.apache.catalina.core.ApplicationFilterChain.internalDoFilter(ApplicationFilterChain.java:164) ~[tomcat-embed-core-10.1.28.jar:10.1.28]
	at org.apache.catalina.core.ApplicationFilterChain.doFilter(ApplicationFilterChain.java:140) ~[tomcat-embed-core-10.1.28.jar:10.1.28]
	at org.springframework.web.filter.RequestContextFilter.doFilterInternal(RequestContextFilter.java:100) ~[spring-web-6.1.12.jar:6.1.12]
	at org.springframework.web.filter.OncePerRequestFilter.doFilter(OncePerRequestFilter.java:116) ~[spring-web-6.1.12.jar:6.1.12]
	at org.apache.catalina.core.ApplicationFilterChain.internalDoFilter(ApplicationFilterChain.java:164) ~[tomcat-embed-core-10.1.28.jar:10.1.28]
	at org.apache.catalina.core.ApplicationFilterChain.doFilter(ApplicationFilterChain.java:140) ~[tomcat-embed-core-10.1.28.jar:10.1.28]
	at org.springframework.web.filter.FormContentFilter.doFilterInternal(FormContentFilter.java:93) ~[spring-web-6.1.12.jar:6.1.12]
	at org.springframework.web.filter.OncePerRequestFilter.doFilter(OncePerRequestFilter.java:116) ~[spring-web-6.1.12.jar:6.1.12]
	at org.apache.catalina.core.ApplicationFilterChain.internalDoFilter(ApplicationFilterChain.java:164) ~[tomcat-embed-core-10.1.28.jar:10.1.28]
	at org.apache.catalina.core.ApplicationFilterChain.doFilter(ApplicationFilterChain.java:140) ~[tomcat-embed-core-10.1.28.jar:10.1.28]
	at org.springframework.web.filter.CharacterEncodingFilter.doFilterInternal(CharacterEncodingFilter.java:201) ~[spring-web-6.1.12.jar:6.1.12]
	at org.springframework.web.filter.OncePerRequestFilter.doFilter(OncePerRequestFilter.java:116) ~[spring-web-6.1.12.jar:6.1.12]
	at org.apache.catalina.core.ApplicationFilterChain.internalDoFilter(ApplicationFilterChain.java:164) ~[tomcat-embed-core-10.1.28.jar:10.1.28]
	at org.apache.catalina.core.ApplicationFilterChain.doFilter(ApplicationFilterChain.java:140) ~[tomcat-embed-core-10.1.28.jar:10.1.28]
	at org.apache.catalina.core.StandardWrapperValve.invoke(StandardWrapperValve.java:167) ~[tomcat-embed-core-10.1.28.jar:10.1.28]
	at org.apache.catalina.core.StandardContextValve.invoke(StandardContextValve.java:90) ~[tomcat-embed-core-10.1.28.jar:10.1.28]
	at org.apache.catalina.authenticator.AuthenticatorBase.invoke(AuthenticatorBase.java:483) ~[tomcat-embed-core-10.1.28.jar:10.1.28]
	at org.apache.catalina.core.StandardHostValve.invoke(StandardHostValve.java:115) ~[tomcat-embed-core-10.1.28.jar:10.1.28]
	at org.apache.catalina.valves.ErrorReportValve.invoke(ErrorReportValve.java:93) ~[tomcat-embed-core-10.1.28.jar:10.1.28]
	at org.apache.catalina.core.StandardEngineValve.invoke(StandardEngineValve.java:74) ~[tomcat-embed-core-10.1.28.jar:10.1.28]
	at org.apache.catalina.connector.CoyoteAdapter.service(CoyoteAdapter.java:344) ~[tomcat-embed-core-10.1.28.jar:10.1.28]
	at org.apache.coyote.http11.Http11Processor.service(Http11Processor.java:384) ~[tomcat-embed-core-10.1.28.jar:10.1.28]
	at org.apache.coyote.AbstractProcessorLight.process(AbstractProcessorLight.java:63) ~[tomcat-embed-core-10.1.28.jar:10.1.28]
	at org.apache.coyote.AbstractProtocol$ConnectionHandler.process(AbstractProtocol.java:904) ~[tomcat-embed-core-10.1.28.jar:10.1.28]
	at org.apache.tomcat.util.net.NioEndpoint$SocketProcessor.doRun(NioEndpoint.java:1741) ~[tomcat-embed-core-10.1.28.jar:10.1.28]
	at org.apache.tomcat.util.net.SocketProcessorBase.run(SocketProcessorBase.java:52) ~[tomcat-embed-core-10.1.28.jar:10.1.28]
	at org.apache.tomcat.util.threads.ThreadPoolExecutor.runWorker(ThreadPoolExecutor.java:1190) ~[tomcat-embed-core-10.1.28.jar:10.1.28]
	at org.apache.tomcat.util.threads.ThreadPoolExecutor$Worker.run(ThreadPoolExecutor.java:659) ~[tomcat-embed-core-10.1.28.jar:10.1.28]
	at org.apache.tomcat.util.threads.TaskThread$WrappingRunnable.run(TaskThread.java:63) ~[tomcat-embed-core-10.1.28.jar:10.1.28]
	at java.base/java.lang.Thread.run(Thread.java:1583) ~[na:na]

2024-09-15T21:36:18.176+05:30 DEBUG 10520 --- [PostApet] [http-nio-8080-exec-4] o.s.web.servlet.DispatcherServlet        : "ERROR" dispatch for POST "/error", parameters={multipart}
2024-09-15T21:36:18.185+05:30 DEBUG 10520 --- [PostApet] [http-nio-8080-exec-4] s.w.s.m.m.a.RequestMappingHandlerMapping : Mapped to org.springframework.boot.autoconfigure.web.servlet.error.BasicErrorController#error(HttpServletRequest)
2024-09-15T21:36:18.207+05:30 DEBUG 10520 --- [PostApet] [http-nio-8080-exec-4] o.s.w.s.m.m.a.HttpEntityMethodProcessor  : Using 'application/json', given [*/*] and supported [application/json, application/*+json]
2024-09-15T21:36:18.214+05:30 DEBUG 10520 --- [PostApet] [http-nio-8080-exec-4] o.s.w.s.m.m.a.HttpEntityMethodProcessor  : Writing [{timestamp=Sun Sep 15 21:36:18 IST 2024, status=500, error=Internal Server Error, path=/api/v1/pet/a (truncated)...]
2024-09-15T21:36:18.235+05:30 DEBUG 10520 --- [PostApet] [http-nio-8080-exec-4] o.s.web.servlet.DispatcherServlet        : Exiting from "ERROR" dispatch, status 500
2024-09-15T21:38:52.188+05:30 DEBUG 10520 --- [PostApet] [http-nio-8080-exec-7] o.s.web.servlet.DispatcherServlet        : POST "/api/v1/pet/add", parameters={multipart}
2024-09-15T21:38:52.259+05:30 DEBUG 10520 --- [PostApet] [http-nio-8080-exec-7] s.w.s.m.m.a.RequestMappingHandlerMapping : Mapped to com.example.PostApet.Controller.PetController#add(PetModel, MultipartFile)
2024-09-15T21:38:52.844+05:30  WARN 10520 --- [PostApet] [http-nio-8080-exec-7] .w.s.m.s.DefaultHandlerExceptionResolver : Resolved [org.springframework.web.bind.MethodArgumentNotValidException: Validation failed for argument [0] in public com.example.PostApet.Model.PetModel com.example.PostApet.Controller.PetController.add(com.example.PostApet.Model.PetModel,org.springframework.web.multipart.MultipartFile) throws java.io.IOException: [Field error in object 'petModel' on field 'photo': rejected value [org.springframework.web.multipart.support.StandardMultipartHttpServletRequest$StandardMultipartFile@33f2b089]; codes [typeMismatch.petModel.photo,typeMismatch.photo,typeMismatch.java.lang.String,typeMismatch]; arguments [org.springframework.context.support.DefaultMessageSourceResolvable: codes [petModel.photo,photo]; arguments []; default message [photo]]; default message [Failed to convert property value of type 'org.springframework.web.multipart.support.StandardMultipartHttpServletRequest$StandardMultipartFile' to required type 'java.lang.String' for property 'photo'; Cannot convert value of type 'org.springframework.web.multipart.support.StandardMultipartHttpServletRequest$StandardMultipartFile' to required type 'java.lang.String' for property 'photo': no matching editors or conversion strategy found]] ]
2024-09-15T21:38:52.872+05:30 DEBUG 10520 --- [PostApet] [http-nio-8080-exec-7] o.s.web.servlet.DispatcherServlet        : Completed 400 BAD_REQUEST
2024-09-15T21:38:52.875+05:30 DEBUG 10520 --- [PostApet] [http-nio-8080-exec-7] o.s.web.servlet.DispatcherServlet        : "ERROR" dispatch for POST "/error", parameters={multipart}
2024-09-15T21:38:52.876+05:30 DEBUG 10520 --- [PostApet] [http-nio-8080-exec-7] s.w.s.m.m.a.RequestMappingHandlerMapping : Mapped to org.springframework.boot.autoconfigure.web.servlet.error.BasicErrorController#error(HttpServletRequest)
2024-09-15T21:38:52.890+05:30 DEBUG 10520 --- [PostApet] [http-nio-8080-exec-7] o.s.w.s.m.m.a.HttpEntityMethodProcessor  : Using 'application/json', given [*/*] and supported [application/json, application/*+json]
2024-09-15T21:38:52.890+05:30 DEBUG 10520 --- [PostApet] [http-nio-8080-exec-7] o.s.w.s.m.m.a.HttpEntityMethodProcessor  : Writing [{timestamp=Sun Sep 15 21:38:52 IST 2024, status=400, error=Bad Request, path=/api/v1/pet/add}]
2024-09-15T21:38:52.897+05:30 DEBUG 10520 --- [PostApet] [http-nio-8080-exec-7] o.s.web.servlet.DispatcherServlet        : Exiting from "ERROR" dispatch, status 400
2024-09-15T21:41:56.284+05:30 DEBUG 10520 --- [PostApet] [http-nio-8080-exec-8] o.s.web.servlet.DispatcherServlet        : POST "/api/v1/pet/add", parameters={multipart}
2024-09-15T21:41:56.403+05:30 DEBUG 10520 --- [PostApet] [http-nio-8080-exec-8] s.w.s.m.m.a.RequestMappingHandlerMapping : Mapped to com.example.PostApet.Controller.PetController#add(PetModel, MultipartFile)
2024-09-15T21:41:56.477+05:30 DEBUG 10520 --- [PostApet] [http-nio-8080-exec-8] o.s.web.servlet.DispatcherServlet        : Failed to complete request: java.nio.file.NoSuchFileException: C:\Springboot Projects\PostApet\src\main\webapp\images\image-01.png
2024-09-15T21:41:56.485+05:30 ERROR 10520 --- [PostApet] [http-nio-8080-exec-8] o.a.c.c.C.[.[.[/].[dispatcherServlet]    : Servlet.service() for servlet [dispatcherServlet] in context with path [] threw exception

java.nio.file.NoSuchFileException: C:\Springboot Projects\PostApet\src\main\webapp\images\image-01.png
	at java.base/sun.nio.fs.WindowsException.translateToIOException(WindowsException.java:85) ~[na:na]
	at java.base/sun.nio.fs.WindowsException.rethrowAsIOException(WindowsException.java:103) ~[na:na]
	at java.base/sun.nio.fs.WindowsException.rethrowAsIOException(WindowsException.java:108) ~[na:na]
	at java.base/sun.nio.fs.WindowsFileSystemProvider.newByteChannel(WindowsFileSystemProvider.java:234) ~[na:na]
	at java.base/java.nio.file.spi.FileSystemProvider.newOutputStream(FileSystemProvider.java:482) ~[na:na]
	at java.base/java.nio.file.Files.newOutputStream(Files.java:227) ~[na:na]
	at java.base/java.nio.file.Files.write(Files.java:3492) ~[na:na]
	at com.example.PostApet.Controller.PetController.add(PetController.java:29) ~[classes/:na]
	at java.base/jdk.internal.reflect.DirectMethodHandleAccessor.invoke(DirectMethodHandleAccessor.java:103) ~[na:na]
	at java.base/java.lang.reflect.Method.invoke(Method.java:580) ~[na:na]
	at org.springframework.web.method.support.InvocableHandlerMethod.doInvoke(InvocableHandlerMethod.java:255) ~[spring-web-6.1.12.jar:6.1.12]
	at org.springframework.web.method.support.InvocableHandlerMethod.invokeForRequest(InvocableHandlerMethod.java:188) ~[spring-web-6.1.12.jar:6.1.12]
	at org.springframework.web.servlet.mvc.method.annotation.ServletInvocableHandlerMethod.invokeAndHandle(ServletInvocableHandlerMethod.java:118) ~[spring-webmvc-6.1.12.jar:6.1.12]
	at org.springframework.web.servlet.mvc.method.annotation.RequestMappingHandlerAdapter.invokeHandlerMethod(RequestMappingHandlerAdapter.java:926) ~[spring-webmvc-6.1.12.jar:6.1.12]
	at org.springframework.web.servlet.mvc.method.annotation.RequestMappingHandlerAdapter.handleInternal(RequestMappingHandlerAdapter.java:831) ~[spring-webmvc-6.1.12.jar:6.1.12]
	at org.springframework.web.servlet.mvc.method.AbstractHandlerMethodAdapter.handle(AbstractHandlerMethodAdapter.java:87) ~[spring-webmvc-6.1.12.jar:6.1.12]
	at org.springframework.web.servlet.DispatcherServlet.doDispatch(DispatcherServlet.java:1089) ~[spring-webmvc-6.1.12.jar:6.1.12]
	at org.springframework.web.servlet.DispatcherServlet.doService(DispatcherServlet.java:979) ~[spring-webmvc-6.1.12.jar:6.1.12]
	at org.springframework.web.servlet.FrameworkServlet.processRequest(FrameworkServlet.java:1014) ~[spring-webmvc-6.1.12.jar:6.1.12]
	at org.springframework.web.servlet.FrameworkServlet.doPost(FrameworkServlet.java:914) ~[spring-webmvc-6.1.12.jar:6.1.12]
	at jakarta.servlet.http.HttpServlet.service(HttpServlet.java:590) ~[tomcat-embed-core-10.1.28.jar:6.0]
	at org.springframework.web.servlet.FrameworkServlet.service(FrameworkServlet.java:885) ~[spring-webmvc-6.1.12.jar:6.1.12]
	at jakarta.servlet.http.HttpServlet.service(HttpServlet.java:658) ~[tomcat-embed-core-10.1.28.jar:6.0]
	at org.apache.catalina.core.ApplicationFilterChain.internalDoFilter(ApplicationFilterChain.java:195) ~[tomcat-embed-core-10.1.28.jar:10.1.28]
	at org.apache.catalina.core.ApplicationFilterChain.doFilter(ApplicationFilterChain.java:140) ~[tomcat-embed-core-10.1.28.jar:10.1.28]
	at org.apache.tomcat.websocket.server.WsFilter.doFilter(WsFilter.java:51) ~[tomcat-embed-websocket-10.1.28.jar:10.1.28]
	at org.apache.catalina.core.ApplicationFilterChain.internalDoFilter(ApplicationFilterChain.java:164) ~[tomcat-embed-core-10.1.28.jar:10.1.28]
	at org.apache.catalina.core.ApplicationFilterChain.doFilter(ApplicationFilterChain.java:140) ~[tomcat-embed-core-10.1.28.jar:10.1.28]
	at org.springframework.web.filter.RequestContextFilter.doFilterInternal(RequestContextFilter.java:100) ~[spring-web-6.1.12.jar:6.1.12]
	at org.springframework.web.filter.OncePerRequestFilter.doFilter(OncePerRequestFilter.java:116) ~[spring-web-6.1.12.jar:6.1.12]
	at org.apache.catalina.core.ApplicationFilterChain.internalDoFilter(ApplicationFilterChain.java:164) ~[tomcat-embed-core-10.1.28.jar:10.1.28]
	at org.apache.catalina.core.ApplicationFilterChain.doFilter(ApplicationFilterChain.java:140) ~[tomcat-embed-core-10.1.28.jar:10.1.28]
	at org.springframework.web.filter.FormContentFilter.doFilterInternal(FormContentFilter.java:93) ~[spring-web-6.1.12.jar:6.1.12]
	at org.springframework.web.filter.OncePerRequestFilter.doFilter(OncePerRequestFilter.java:116) ~[spring-web-6.1.12.jar:6.1.12]
	at org.apache.catalina.core.ApplicationFilterChain.internalDoFilter(ApplicationFilterChain.java:164) ~[tomcat-embed-core-10.1.28.jar:10.1.28]
	at org.apache.catalina.core.ApplicationFilterChain.doFilter(ApplicationFilterChain.java:140) ~[tomcat-embed-core-10.1.28.jar:10.1.28]
	at org.springframework.web.filter.CharacterEncodingFilter.doFilterInternal(CharacterEncodingFilter.java:201) ~[spring-web-6.1.12.jar:6.1.12]
	at org.springframework.web.filter.OncePerRequestFilter.doFilter(OncePerRequestFilter.java:116) ~[spring-web-6.1.12.jar:6.1.12]
	at org.apache.catalina.core.ApplicationFilterChain.internalDoFilter(ApplicationFilterChain.java:164) ~[tomcat-embed-core-10.1.28.jar:10.1.28]
	at org.apache.catalina.core.ApplicationFilterChain.doFilter(ApplicationFilterChain.java:140) ~[tomcat-embed-core-10.1.28.jar:10.1.28]
	at org.apache.catalina.core.StandardWrapperValve.invoke(StandardWrapperValve.java:167) ~[tomcat-embed-core-10.1.28.jar:10.1.28]
	at org.apache.catalina.core.StandardContextValve.invoke(StandardContextValve.java:90) ~[tomcat-embed-core-10.1.28.jar:10.1.28]
	at org.apache.catalina.authenticator.AuthenticatorBase.invoke(AuthenticatorBase.java:483) ~[tomcat-embed-core-10.1.28.jar:10.1.28]
	at org.apache.catalina.core.StandardHostValve.invoke(StandardHostValve.java:115) ~[tomcat-embed-core-10.1.28.jar:10.1.28]
	at org.apache.catalina.valves.ErrorReportValve.invoke(ErrorReportValve.java:93) ~[tomcat-embed-core-10.1.28.jar:10.1.28]
	at org.apache.catalina.core.StandardEngineValve.invoke(StandardEngineValve.java:74) ~[tomcat-embed-core-10.1.28.jar:10.1.28]
	at org.apache.catalina.connector.CoyoteAdapter.service(CoyoteAdapter.java:344) ~[tomcat-embed-core-10.1.28.jar:10.1.28]
	at org.apache.coyote.http11.Http11Processor.service(Http11Processor.java:384) ~[tomcat-embed-core-10.1.28.jar:10.1.28]
	at org.apache.coyote.AbstractProcessorLight.process(AbstractProcessorLight.java:63) ~[tomcat-embed-core-10.1.28.jar:10.1.28]
	at org.apache.coyote.AbstractProtocol$ConnectionHandler.process(AbstractProtocol.java:904) ~[tomcat-embed-core-10.1.28.jar:10.1.28]
	at org.apache.tomcat.util.net.NioEndpoint$SocketProcessor.doRun(NioEndpoint.java:1741) ~[tomcat-embed-core-10.1.28.jar:10.1.28]
	at org.apache.tomcat.util.net.SocketProcessorBase.run(SocketProcessorBase.java:52) ~[tomcat-embed-core-10.1.28.jar:10.1.28]
	at org.apache.tomcat.util.threads.ThreadPoolExecutor.runWorker(ThreadPoolExecutor.java:1190) ~[tomcat-embed-core-10.1.28.jar:10.1.28]
	at org.apache.tomcat.util.threads.ThreadPoolExecutor$Worker.run(ThreadPoolExecutor.java:659) ~[tomcat-embed-core-10.1.28.jar:10.1.28]
	at org.apache.tomcat.util.threads.TaskThread$WrappingRunnable.run(TaskThread.java:63) ~[tomcat-embed-core-10.1.28.jar:10.1.28]
	at java.base/java.lang.Thread.run(Thread.java:1583) ~[na:na]

2024-09-15T21:41:56.515+05:30 DEBUG 10520 --- [PostApet] [http-nio-8080-exec-8] o.s.web.servlet.DispatcherServlet        : "ERROR" dispatch for POST "/error", parameters={multipart}
2024-09-15T21:41:56.519+05:30 DEBUG 10520 --- [PostApet] [http-nio-8080-exec-8] s.w.s.m.m.a.RequestMappingHandlerMapping : Mapped to org.springframework.boot.autoconfigure.web.servlet.error.BasicErrorController#error(HttpServletRequest)
2024-09-15T21:41:56.530+05:30 DEBUG 10520 --- [PostApet] [http-nio-8080-exec-8] o.s.w.s.m.m.a.HttpEntityMethodProcessor  : Using 'application/json', given [*/*] and supported [application/json, application/*+json]
2024-09-15T21:41:56.533+05:30 DEBUG 10520 --- [PostApet] [http-nio-8080-exec-8] o.s.w.s.m.m.a.HttpEntityMethodProcessor  : Writing [{timestamp=Sun Sep 15 21:41:56 IST 2024, status=500, error=Internal Server Error, path=/api/v1/pet/a (truncated)...]
2024-09-15T21:41:56.547+05:30 DEBUG 10520 --- [PostApet] [http-nio-8080-exec-8] o.s.web.servlet.DispatcherServlet        : Exiting from "ERROR" dispatch, status 500
2024-09-15T21:50:57.888+05:30  INFO 10520 --- [PostApet] [SpringApplicationShutdownHook] j.LocalContainerEntityManagerFactoryBean : Closing JPA EntityManagerFactory for persistence unit 'default'
2024-09-15T21:50:58.010+05:30  INFO 10520 --- [PostApet] [SpringApplicationShutdownHook] com.zaxxer.hikari.HikariDataSource       : HikariPool-1 - Shutdown initiated...
2024-09-15T21:50:58.056+05:30  INFO 10520 --- [PostApet] [SpringApplicationShutdownHook] com.zaxxer.hikari.HikariDataSource       : HikariPool-1 - Shutdown completed.
